<?xml version="1.0" encoding="UTF-8"?>
<testng-results skipped="0" failed="0" ignored="0" total="1" passed="1">
  <reporter-output>
  </reporter-output>
  <suite name="Default suite" duration-ms="31363" started-at="2018-04-25T18:07:27Z" finished-at="2018-04-25T18:07:58Z">
    <groups>
    </groups>
    <test name="Default test" duration-ms="31363" started-at="2018-04-25T18:07:27Z" finished-at="2018-04-25T18:07:58Z">
      <class name="execution.MouseExecu">
        <test-method status="PASS" signature="browserm()[pri:0, instance:execution.MouseExecu@4524411f]" name="browserm" duration-ms="31322" started-at="2018-04-25T18:07:27Z" finished-at="2018-04-25T18:07:58Z">
          <reporter-output>
          </reporter-output>
        </test-method> <!-- browserm -->
      </class> <!-- execution.MouseExecu -->
    </test> <!-- Default test -->
  </suite> <!-- Default suite -->
</testng-results>
